#
# A fatal error has been detected by the Java Runtime Environment:
#
#  SIGSEGV (0xb) at pc=0x000000010c29b21d, pid=34541, tid=0x0000000000013d07
#
# JRE version: Java(TM) SE Runtime Environment (8.0_311-b11) (build 1.8.0_311-b11)
# Java VM: Java HotSpot(TM) 64-Bit Server VM (25.311-b11 mixed mode bsd-amd64 compressed oops)
# Problematic frame:
# V  [libjvm.dylib+0x3d121d]
#
# Failed to write core dump. Core dumps have been disabled. To enable core dumping, try "ulimit -c unlimited" before starting Java again
#
# If you would like to submit a bug report, please visit:
#   http://bugreport.java.com/bugreport/crash.jsp
#

---------------  T H R E A D  ---------------

Current thread (0x00007f8525aca800):  JavaThread "scheduling-1" [_thread_in_vm, id=81159, stack(0x000000030d867000,0x000000030d967000)]

siginfo: si_signo: 11 (SIGSEGV), si_code: 1 (SEGV_MAPERR), si_addr: 0x0000000150cc22e8

Registers:
RAX=0x00000007c036a2f8, RBX=0x000000000000001c, RCX=0x0000600001bb6d38, RDX=0x00000007c036a2f8
RSP=0x000000030d965b10, RBP=0x000000030d965bd0, RSI=0x000000030d965c08, RDI=0x000000030d965e30
R8 =0x0000000150cc2050, R9 =0x0000000000000001, R10=0x000000010c5e436b, R11=0x000000010c5e436b
R12=0x000000030d965c08, R13=0x00007f8525aca800, R14=0x000000012a0e7ef0, R15=0x0000000000000001
RIP=0x000000010c29b21d, EFLAGS=0x0000000000000207, ERR=0x0000000000000004
  TRAPNO=0x000000000000000e

Top of Stack: (sp=0x000000030d965b10)
0x000000030d965b10:   0000000125df1298 0000000000000000
0x000000030d965b20:   0000000125df0398 0000000000000000
0x000000030d965b30:   000000030d965b70 000000030d965dc8
0x000000030d965b40:   000000010e1bc5ec 0000000600000001
0x000000030d965b50:   0000000300000000 000000030d965e30
0x000000030d965b60:   000000030d965dc8 000000010e1bc614
0x000000030d965b70:   000000030d965d60 000000010ecb05b4
0x000000030d965b80:   0000009a25fa21e8 0000000150cc2050
0x000000030d965b90:   000000030d965bd0 00000007c036a2f8
0x000000030d965ba0:   00007f8525aca800 000000012a0e7ef0
0x000000030d965bb0:   00007f8525aca800 00007f8525aca800
0x000000030d965bc0:   00000007c036a2f8 000000030d965e30
0x000000030d965bd0:   000000030d965c60 000000010c29ae9e
0x000000030d965be0:   00007f8525aca800 000000012a0e7ef0
0x000000030d965bf0:   000000012a0e7ef0 00007f8525aca800
0x000000030d965c00:   00006000026fe510 000000012a0e7ef0
0x000000030d965c10:   00007f8525aca800 0000000150cc2050
0x000000030d965c20:   0000600001bb6d38 000000030d965e30
0x000000030d965c30:   00000007c036a2f8 00007f8525aca800
0x000000030d965c40:   0000600001bb6d38 00007f8525aca800
0x000000030d965c50:   000000030d965e30 000000012a197830
0x000000030d965c60:   000000030d965d00 000000010c29d71c
0x000000030d965c70:   00000007c038b428 0000000000000001
0x000000030d965c80:   0000000000000001 00007f8525aca800
0x000000030d965c90:   000000030d965e98 000000012a197830
0x000000030d965ca0:   0000600001bb6d38 000000012a197830
0x000000030d965cb0:   00007f8525aca800 00000007c036a2f8
0x000000030d965cc0:   00006000026fe510 0000600002a92d30
0x000000030d965cd0:   00000007c038b428 000000012a197830
0x000000030d965ce0:   000000030d965e30 0000600001bb6d38
0x000000030d965cf0:   00007f8525aca800 000000000000001e
0x000000030d965d00:   000000030d965db0 000000010c29cf89 

Instructions: (pc=0x000000010c29b21d)
0x000000010c29b1fd:   4d 85 f6 0f 84 9b 00 00 00 49 8b 5c 24 08 48 85
0x000000010c29b20d:   db 0f 84 ac 00 00 00 48 89 5d a0 e9 b9 00 00 00
0x000000010c29b21d:   4d 8b b4 d8 b8 01 00 00 4d 85 f6 0f 84 65 02 00
0x000000010c29b22d:   00 49 8b bd 48 01 00 00 48 8d b5 50 ff ff ff 4c 

Register to memory mapping:

RAX=0x00000007c036a2f8 is pointing into metadata
RBX=0x000000000000001c is an unknown value
RCX=0x0000600001bb6d38 is an unknown value
RDX=0x00000007c036a2f8 is pointing into metadata
RSP=0x000000030d965b10 is pointing into the stack for thread: 0x00007f8525aca800
RBP=0x000000030d965bd0 is pointing into the stack for thread: 0x00007f8525aca800
RSI=0x000000030d965c08 is pointing into the stack for thread: 0x00007f8525aca800
RDI=0x000000030d965e30 is pointing into the stack for thread: 0x00007f8525aca800
R8 =0x0000000150cc2050 is an unknown value
R9 =0x0000000000000001 is an unknown value
R10=0x000000010c5e436b: AssumeMP+0 in /Library/Internet Plug-Ins/JavaAppletPlugin.plugin/Contents/Home/lib/server/libjvm.dylib at 0x000000010beca000
R11=0x000000010c5e436b: AssumeMP+0 in /Library/Internet Plug-Ins/JavaAppletPlugin.plugin/Contents/Home/lib/server/libjvm.dylib at 0x000000010beca000
R12=0x000000030d965c08 is pointing into the stack for thread: 0x00007f8525aca800
R13=0x00007f8525aca800 is a thread
R14={method} {0x000000012a0e7ef0} 'setFlag' '(Ljavax/mail/Flags$Flag;Z)V' in 'javax/mail/Message'
R15=0x0000000000000001 is an unknown value


Stack: [0x000000030d867000,0x000000030d967000],  sp=0x000000030d965b10,  free space=1018k
Native frames: (J=compiled Java code, j=interpreted, Vv=VM code, C=native code)
V  [libjvm.dylib+0x3d121d]
V  [libjvm.dylib+0x3d0e9e]
V  [libjvm.dylib+0x3d371c]
V  [libjvm.dylib+0x3d2f89]
V  [libjvm.dylib+0x2cf688]
j  com.bothash.crmbot.controller.MailListener.getNewEmails()V+298
v  ~StubRoutines::call_stub
V  [libjvm.dylib+0x2d63ff]
V  [libjvm.dylib+0x4d784c]
V  [libjvm.dylib+0x4d83e4]
V  [libjvm.dylib+0x346f22]
J 2313  sun.reflect.NativeMethodAccessorImpl.invoke0(Ljava/lang/reflect/Method;Ljava/lang/Object;[Ljava/lang/Object;)Ljava/lang/Object; (0 bytes) @ 0x000000010e1b252d [0x000000010e1b2440+0xed]
J 2312 C1 sun.reflect.NativeMethodAccessorImpl.invoke(Ljava/lang/Object;[Ljava/lang/Object;)Ljava/lang/Object; (104 bytes) @ 0x000000010e1b4b0c [0x000000010e1b4720+0x3ec]
J 2406 C1 sun.reflect.DelegatingMethodAccessorImpl.invoke(Ljava/lang/Object;[Ljava/lang/Object;)Ljava/lang/Object; (10 bytes) @ 0x000000010e1eb724 [0x000000010e1eb6c0+0x64]
J 2238 C1 java.lang.reflect.Method.invoke(Ljava/lang/Object;[Ljava/lang/Object;)Ljava/lang/Object; (62 bytes) @ 0x000000010e18f35c [0x000000010e18f220+0x13c]
j  org.springframework.scheduling.support.ScheduledMethodRunnable.run()V+19
j  org.springframework.scheduling.support.DelegatingErrorHandlingRunnable.run()V+4
j  java.util.concurrent.Executors$RunnableAdapter.call()Ljava/lang/Object;+4
j  java.util.concurrent.FutureTask.runAndReset()Z+47
j  java.util.concurrent.ScheduledThreadPoolExecutor$ScheduledFutureTask.access$301(Ljava/util/concurrent/ScheduledThreadPoolExecutor$ScheduledFutureTask;)Z+1
j  java.util.concurrent.ScheduledThreadPoolExecutor$ScheduledFutureTask.run()V+37
j  java.util.concurrent.ThreadPoolExecutor.runWorker(Ljava/util/concurrent/ThreadPoolExecutor$Worker;)V+95
j  java.util.concurrent.ThreadPoolExecutor$Worker.run()V+5
j  java.lang.Thread.run()V+11
v  ~StubRoutines::call_stub
V  [libjvm.dylib+0x2d63ff]
V  [libjvm.dylib+0x2d5262]
V  [libjvm.dylib+0x2d5443]
V  [libjvm.dylib+0x3427d7]
V  [libjvm.dylib+0x5602ee]
V  [libjvm.dylib+0x5601b3]
V  [libjvm.dylib+0x48d487]
C  [libsystem_pthread.dylib+0x64f4]  _pthread_start+0x7d
C  [libsystem_pthread.dylib+0x200f]  thread_start+0xf
C  0x0000000000000000

Java frames: (J=compiled Java code, j=interpreted, Vv=VM code)
j  com.bothash.crmbot.controller.MailListener.getNewEmails()V+298
v  ~StubRoutines::call_stub
J 2313  sun.reflect.NativeMethodAccessorImpl.invoke0(Ljava/lang/reflect/Method;Ljava/lang/Object;[Ljava/lang/Object;)Ljava/lang/Object; (0 bytes) @ 0x000000010e1b24b7 [0x000000010e1b2440+0x77]
J 2312 C1 sun.reflect.NativeMethodAccessorImpl.invoke(Ljava/lang/Object;[Ljava/lang/Object;)Ljava/lang/Object; (104 bytes) @ 0x000000010e1b4b0c [0x000000010e1b4720+0x3ec]
J 2406 C1 sun.reflect.DelegatingMethodAccessorImpl.invoke(Ljava/lang/Object;[Ljava/lang/Object;)Ljava/lang/Object; (10 bytes) @ 0x000000010e1eb724 [0x000000010e1eb6c0+0x64]
J 2238 C1 java.lang.reflect.Method.invoke(Ljava/lang/Object;[Ljava/lang/Object;)Ljava/lang/Object; (62 bytes) @ 0x000000010e18f35c [0x000000010e18f220+0x13c]
j  org.springframework.scheduling.support.ScheduledMethodRunnable.run()V+19
j  org.springframework.scheduling.support.DelegatingErrorHandlingRunnable.run()V+4
j  java.util.concurrent.Executors$RunnableAdapter.call()Ljava/lang/Object;+4
j  java.util.concurrent.FutureTask.runAndReset()Z+47
j  java.util.concurrent.ScheduledThreadPoolExecutor$ScheduledFutureTask.access$301(Ljava/util/concurrent/ScheduledThreadPoolExecutor$ScheduledFutureTask;)Z+1
j  java.util.concurrent.ScheduledThreadPoolExecutor$ScheduledFutureTask.run()V+37
j  java.util.concurrent.ThreadPoolExecutor.runWorker(Ljava/util/concurrent/ThreadPoolExecutor$Worker;)V+95
j  java.util.concurrent.ThreadPoolExecutor$Worker.run()V+5
j  java.lang.Thread.run()V+11
v  ~StubRoutines::call_stub

---------------  P R O C E S S  ---------------

Java Threads: ( => current thread )
  0x00007f84f7020000 JavaThread "scheduling-1" [_thread_in_native, id=85279, stack(0x000000030dd76000,0x000000030de76000)]
  0x00007f851407a800 JavaThread "http-nio-7001-Acceptor" daemon [_thread_in_native, id=31855, stack(0x000000030dc73000,0x000000030dd73000)]
  0x00007f84f6b8e800 JavaThread "http-nio-7001-Poller" daemon [_thread_in_native, id=78611, stack(0x000000030d96a000,0x000000030da6a000)]
  0x00007f84f701f000 JavaThread "http-nio-7001-exec-10" daemon [_thread_blocked, id=56079, stack(0x000000030d55e000,0x000000030d65e000)]
  0x00007f851407a000 JavaThread "http-nio-7001-exec-9" daemon [_thread_blocked, id=54543, stack(0x000000030d45b000,0x000000030d55b000)]
  0x00007f8514079000 JavaThread "http-nio-7001-exec-8" daemon [_thread_blocked, id=53803, stack(0x000000030d358000,0x000000030d458000)]
  0x00007f84f6b8b800 JavaThread "http-nio-7001-exec-7" daemon [_thread_blocked, id=86315, stack(0x000000030d255000,0x000000030d355000)]
  0x00007f851425e000 JavaThread "http-nio-7001-exec-6" daemon [_thread_blocked, id=50995, stack(0x000000030d152000,0x000000030d252000)]
  0x00007f84f701e800 JavaThread "http-nio-7001-exec-5" daemon [_thread_blocked, id=31243, stack(0x000000030d04f000,0x000000030d14f000)]
  0x00007f84f6b8b000 JavaThread "http-nio-7001-exec-4" daemon [_thread_blocked, id=28799, stack(0x000000030cf4c000,0x000000030d04c000)]
  0x00007f84f701d800 JavaThread "http-nio-7001-exec-3" daemon [_thread_blocked, id=82471, stack(0x000000030ce49000,0x000000030cf49000)]
  0x00007f84f6b8a000 JavaThread "http-nio-7001-exec-2" daemon [_thread_blocked, id=85539, stack(0x000000030cd46000,0x000000030ce46000)]
  0x00007f84f6b89800 JavaThread "http-nio-7001-exec-1" daemon [_thread_blocked, id=51995, stack(0x000000030cc43000,0x000000030cd43000)]
  0x00007f84f6b88800 JavaThread "https-jsse-nio-9000-Acceptor" daemon [_thread_in_native, id=47635, stack(0x000000030cb40000,0x000000030cc40000)]
  0x00007f84f7014800 JavaThread "https-jsse-nio-9000-Poller" daemon [_thread_in_native, id=83475, stack(0x000000030ca3d000,0x000000030cb3d000)]
  0x00007f851425d000 JavaThread "https-jsse-nio-9000-exec-10" daemon [_thread_blocked, id=83983, stack(0x000000030c93a000,0x000000030ca3a000)]
  0x00007f84f6b88000 JavaThread "https-jsse-nio-9000-exec-9" daemon [_thread_blocked, id=83807, stack(0x000000030c837000,0x000000030c937000)]
  0x00007f85258a3800 JavaThread "https-jsse-nio-9000-exec-8" daemon [_thread_blocked, id=46091, stack(0x000000030c734000,0x000000030c834000)]
  0x00007f84f6b87000 JavaThread "https-jsse-nio-9000-exec-7" daemon [_thread_blocked, id=53143, stack(0x000000030c631000,0x000000030c731000)]
  0x00007f851426b800 JavaThread "https-jsse-nio-9000-exec-6" daemon [_thread_blocked, id=43935, stack(0x000000030c52e000,0x000000030c62e000)]
  0x00007f8525c3a800 JavaThread "https-jsse-nio-9000-exec-5" daemon [_thread_blocked, id=29803, stack(0x000000030c42b000,0x000000030c52b000)]
  0x00007f84f6b85800 JavaThread "https-jsse-nio-9000-exec-4" daemon [_thread_blocked, id=54803, stack(0x000000030c328000,0x000000030c428000)]
  0x00007f84f6b84800 JavaThread "https-jsse-nio-9000-exec-3" daemon [_thread_blocked, id=32771, stack(0x000000030c225000,0x000000030c325000)]
  0x00007f84f7011800 JavaThread "https-jsse-nio-9000-exec-2" daemon [_thread_blocked, id=33043, stack(0x000000030c122000,0x000000030c222000)]
  0x00007f84f7011000 JavaThread "https-jsse-nio-9000-exec-1" daemon [_thread_blocked, id=80935, stack(0x000000030c01f000,0x000000030c11f000)]
  0x00007f84f6b86800 JavaThread "File Watcher" daemon [_thread_blocked, id=79443, stack(0x000000030be19000,0x000000030bf19000)]
  0x00007f8524751800 JavaThread "container-0" [_thread_blocked, id=55383, stack(0x000000030bd16000,0x000000030be16000)]
  0x00007f8514074000 JavaThread "Catalina-utility-2" [_thread_blocked, id=79127, stack(0x000000030bc13000,0x000000030bd13000)]
  0x00007f8524144800 JavaThread "Catalina-utility-1" [_thread_blocked, id=51299, stack(0x000000030bb10000,0x000000030bc10000)]
  0x00007f8524f6e000 JavaThread "HikariPool-3 connection adder" daemon [_thread_blocked, id=45327, stack(0x000000030ba0d000,0x000000030bb0d000)]
  0x00007f8524b02000 JavaThread "HikariPool-3 housekeeper" daemon [_thread_blocked, id=49791, stack(0x000000030b90a000,0x000000030ba0a000)]
  0x00007f84f6b59000 JavaThread "Keep-Alive-Timer" daemon [_thread_blocked, id=48111, stack(0x000000030db70000,0x000000030dc70000)]
  0x00007f8524dd5000 JavaThread "RMI TCP Connection(20)-127.0.0.1" daemon [_thread_in_native, id=26647, stack(0x000000030b1f5000,0x000000030b2f5000)]
  0x00007f8524757800 JavaThread "RMI TCP Connection(19)-127.0.0.1" daemon [_thread_in_native, id=27971, stack(0x000000030b0f2000,0x000000030b1f2000)]
  0x00007f851426c800 JavaThread "scheduling-1" [_thread_in_native, id=36103, stack(0x000000030d764000,0x000000030d864000)]
  0x00007f85258a3000 JavaThread "RMI TCP Connection(18)-127.0.0.1" daemon [_thread_in_native, id=31179, stack(0x000000030d661000,0x000000030d761000)]
  0x00007f8525acb800 JavaThread "RMI TCP Connection(17)-127.0.0.1" daemon [_thread_in_native, id=80131, stack(0x000000030da6d000,0x000000030db6d000)]
  0x00007f8525aca000 JavaThread "DestroyJavaVM" [_thread_blocked, id=8963, stack(0x0000000309698000,0x0000000309798000)]
=>0x00007f8525aca800 JavaThread "scheduling-1" [_thread_in_vm, id=81159, stack(0x000000030d867000,0x000000030d967000)]
  0x00007f84f4811800 JavaThread "Live Reload Server" daemon [_thread_in_native, id=87047, stack(0x000000030bf1c000,0x000000030c01c000)]
  0x00007f84f6a90800 JavaThread "mysql-cj-abandoned-connection-cleanup" daemon [_thread_blocked, id=30291, stack(0x000000030b807000,0x000000030b907000)]
  0x00007f852441d000 JavaThread "Attach Listener" daemon [_thread_blocked, id=29987, stack(0x000000030b704000,0x000000030b804000)]
  0x00007f85140c7000 JavaThread "JMX server connection timeout 23" daemon [_thread_blocked, id=35143, stack(0x000000030b601000,0x000000030b701000)]
  0x00007f84f4809000 JavaThread "RMI Scheduler(0)" daemon [_thread_blocked, id=36403, stack(0x000000030b3fb000,0x000000030b4fb000)]
  0x00007f8524d1c800 JavaThread "RMI TCP Accept-0" daemon [_thread_in_native, id=25163, stack(0x000000030aeec000,0x000000030afec000)]
  0x00007f8524c6e800 JavaThread "RMI TCP Accept-61433" daemon [_thread_in_native, id=39731, stack(0x000000030ade9000,0x000000030aee9000)]
  0x00007f851408f800 JavaThread "RMI TCP Accept-0" daemon [_thread_in_native, id=24439, stack(0x000000030ace6000,0x000000030ade6000)]
  0x00007f85241dd800 JavaThread "Service Thread" daemon [_thread_blocked, id=23303, stack(0x000000030abe3000,0x000000030ace3000)]
  0x00007f851404b000 JavaThread "C1 CompilerThread3" daemon [_thread_blocked, id=41219, stack(0x000000030aae0000,0x000000030abe0000)]
  0x00007f8524bec800 JavaThread "C2 CompilerThread2" daemon [_thread_blocked, id=22787, stack(0x000000030a9dd000,0x000000030aadd000)]
  0x00007f8524beb800 JavaThread "C2 CompilerThread1" daemon [_thread_blocked, id=22531, stack(0x000000030a8da000,0x000000030a9da000)]
  0x00007f8514012000 JavaThread "C2 CompilerThread0" daemon [_thread_blocked, id=22351, stack(0x000000030a7d7000,0x000000030a8d7000)]
  0x00007f851400e000 JavaThread "JDWP Command Reader" daemon [_thread_in_native, id=22019, stack(0x000000030a6d4000,0x000000030a7d4000)]
  0x00007f851400d000 JavaThread "JDWP Event Helper Thread" daemon [_thread_blocked, id=43267, stack(0x000000030a5d1000,0x000000030a6d1000)]
  0x00007f8524827800 JavaThread "JDWP Transport Listener: dt_socket" daemon [_thread_blocked, id=15119, stack(0x000000030a4ce000,0x000000030a5ce000)]
  0x00007f8525889800 JavaThread "Signal Dispatcher" daemon [_thread_blocked, id=15363, stack(0x000000030a3cb000,0x000000030a4cb000)]
  0x00007f851400a800 JavaThread "Finalizer" daemon [_thread_blocked, id=17179, stack(0x000000030a1b9000,0x000000030a2b9000)]
  0x00007f8524820000 JavaThread "Reference Handler" daemon [_thread_blocked, id=12579, stack(0x000000030a0b6000,0x000000030a1b6000)]

Other Threads:
  0x00007f852584b000 VMThread [stack: 0x0000000309fb3000,0x000000030a0b3000] [id=12291]
  0x00007f8524d1d000 WatcherThread [stack: 0x000000030afef000,0x000000030b0ef000] [id=38919]

VM state:not at safepoint (normal execution)

VM Mutex/Monitor currently owned by a thread: None

heap address: 0x00000006c0000000, size: 4096 MB, Compressed Oops mode: Zero based, Oop shift amount: 3
Narrow klass base: 0x0000000000000000, Narrow klass shift: 3
Compressed class space size: 1073741824 Address: 0x00000007c0000000

Heap:
 PSYoungGen      total 614400K, used 325882K [0x000000076ab00000, 0x0000000794c80000, 0x00000007c0000000)
  eden space 607232K, 53% used [0x000000076ab00000,0x000000077e93e918,0x000000078fc00000)
  from space 7168K, 0% used [0x0000000794580000,0x0000000794580000,0x0000000794c80000)
  to   space 25088K, 0% used [0x0000000791b80000,0x0000000791b80000,0x0000000793400000)
 ParOldGen       total 172544K, used 36883K [0x00000006c0000000, 0x00000006ca880000, 0x000000076ab00000)
  object space 172544K, 21% used [0x00000006c0000000,0x00000006c2404d70,0x00000006ca880000)
 Metaspace       used 74439K, capacity 79284K, committed 79448K, reserved 1118208K
  class space    used 10478K, capacity 11325K, committed 11392K, reserved 1048576K

Card table byte_map: [0x000000011ccad000,0x000000011d4ae000] byte_map_base: 0x00000001196ad000

Marking Bits: (ParMarkBitMap*) 0x000000010c5ee2e8
 Begin Bits: [0x000000011d4ae000, 0x00000001214ae000)
 End Bits:   [0x00000001214ae000, 0x00000001254ae000)

Polling page: 0x000000010b107000

CodeCache: size=245760Kb used=16391Kb max_used=16391Kb free=229369Kb
 bounds [0x000000010dcad000, 0x000000010ecbd000, 0x000000011ccad000]
 total_blobs=8801 nmethods=8199 adapters=522
 compilation: enabled

Compilation events (10 events):
Event: 468.402 Thread 0x00007f851404b000 8328       1       com.sun.activation.registries.MailcapTokenizer::isStringTokenChar (27 bytes)
Event: 468.402 Thread 0x00007f851404b000 nmethod 8328 0x000000010ecb1850 code [0x000000010ecb19c0, 0x000000010ecb1ba8]
Event: 468.402 Thread 0x00007f851404b000 8329       1       com.sun.activation.registries.MailcapTokenizer::isSpecialChar (260 bytes)
Event: 468.403 Thread 0x00007f851404b000 nmethod 8329 0x000000010ecb1cd0 code [0x000000010ecb1e20, 0x000000010ecb1f70]
Event: 468.407 Thread 0x00007f851404b000 8330       1       java.lang.ClassLoader::getSystemClassLoader (32 bytes)
Event: 468.407 Thread 0x00007f851404b000 nmethod 8330 0x000000010ecb1fd0 code [0x000000010ecb2160, 0x000000010ecb2428]
Event: 468.407 Thread 0x00007f851404b000 8331       1       java.awt.datatransfer.MimeTypeParameterList::isTokenChar (27 bytes)
Event: 468.407 Thread 0x00007f851404b000 nmethod 8331 0x000000010ecb2690 code [0x000000010ecb2800, 0x000000010ecb2968]
Event: 468.416 Thread 0x00007f851404b000 8332       1       java.text.ParsePosition::getIndex (5 bytes)
Event: 468.416 Thread 0x00007f851404b000 nmethod 8332 0x000000010ecb2a10 code [0x000000010ecb2b60, 0x000000010ecb2c70]

GC Heap History (10 events):
Event: 31.572 GC heap before
{Heap before GC invocations=11 (full 3):
 PSYoungGen      total 430592K, used 413696K [0x000000076ab00000, 0x0000000796d00000, 0x00000007c0000000)
  eden space 413696K, 100% used [0x000000076ab00000,0x0000000783f00000,0x0000000783f00000)
  from space 16896K, 0% used [0x0000000783f00000,0x0000000783f00000,0x0000000784f80000)
  to   space 23552K, 0% used [0x0000000795600000,0x0000000795600000,0x0000000796d00000)
 ParOldGen       total 172544K, used 36496K [0x00000006c0000000, 0x00000006ca880000, 0x000000076ab00000)
  object space 172544K, 21% used [0x00000006c0000000,0x00000006c23a4260,0x00000006ca880000)
 Metaspace       used 72125K, capacity 76588K, committed 76888K, reserved 1116160K
  class space    used 10245K, capacity 11046K, committed 11136K, reserved 1048576K
Event: 31.654 GC heap after
Heap after GC invocations=11 (full 3):
 PSYoungGen      total 628736K, used 21413K [0x000000076ab00000, 0x0000000796b00000, 0x00000007c0000000)
  eden space 607232K, 0% used [0x000000076ab00000,0x000000076ab00000,0x000000078fc00000)
  from space 21504K, 99% used [0x0000000795600000,0x0000000796ae9450,0x0000000796b00000)
  to   space 26112K, 0% used [0x0000000793800000,0x0000000793800000,0x0000000795180000)
 ParOldGen       total 172544K, used 36504K [0x00000006c0000000, 0x00000006ca880000, 0x000000076ab00000)
  object space 172544K, 21% used [0x00000006c0000000,0x00000006c23a6260,0x00000006ca880000)
 Metaspace       used 72125K, capacity 76588K, committed 76888K, reserved 1116160K
  class space    used 10245K, capacity 11046K, committed 11136K, reserved 1048576K
}
Event: 454.784 GC heap before
{Heap before GC invocations=12 (full 3):
 PSYoungGen      total 628736K, used 330042K [0x000000076ab00000, 0x0000000796b00000, 0x00000007c0000000)
  eden space 607232K, 50% used [0x000000076ab00000,0x000000077d865648,0x000000078fc00000)
  from space 21504K, 99% used [0x0000000795600000,0x0000000796ae9450,0x0000000796b00000)
  to   space 26112K, 0% used [0x0000000793800000,0x0000000793800000,0x0000000795180000)
 ParOldGen       total 172544K, used 36504K [0x00000006c0000000, 0x00000006ca880000, 0x000000076ab00000)
  object space 172544K, 21% used [0x00000006c0000000,0x00000006c23a6260,0x00000006ca880000)
 Metaspace       used 72318K, capacity 76754K, committed 76888K, reserved 1116160K
  class space    used 10276K, capacity 11072K, committed 11136K, reserved 1048576K
Event: 454.809 GC heap after
Heap after GC invocations=12 (full 3):
 PSYoungGen      total 621056K, used 13340K [0x000000076ab00000, 0x0000000795680000, 0x00000007c0000000)
  eden space 607232K, 0% used [0x000000076ab00000,0x000000076ab00000,0x000000078fc00000)
  from space 13824K, 96% used [0x0000000793800000,0x0000000794507088,0x0000000794580000)
  to   space 17408K, 0% used [0x0000000794580000,0x0000000794580000,0x0000000795680000)
 ParOldGen       total 172544K, used 36512K [0x00000006c0000000, 0x00000006ca880000, 0x000000076ab00000)
  object space 172544K, 21% used [0x00000006c0000000,0x00000006c23a8260,0x00000006ca880000)
 Metaspace       used 72318K, capacity 76754K, committed 76888K, reserved 1116160K
  class space    used 10276K, capacity 11072K, committed 11136K, reserved 1048576K
}
Event: 454.809 GC heap before
{Heap before GC invocations=13 (full 4):
 PSYoungGen      total 621056K, used 13340K [0x000000076ab00000, 0x0000000795680000, 0x00000007c0000000)
  eden space 607232K, 0% used [0x000000076ab00000,0x000000076ab00000,0x000000078fc00000)
  from space 13824K, 96% used [0x0000000793800000,0x0000000794507088,0x0000000794580000)
  to   space 17408K, 0% used [0x0000000794580000,0x0000000794580000,0x0000000795680000)
 ParOldGen       total 172544K, used 36512K [0x00000006c0000000, 0x00000006ca880000, 0x000000076ab00000)
  object space 172544K, 21% used [0x00000006c0000000,0x00000006c23a8260,0x00000006ca880000)
 Metaspace       used 72318K, capacity 76754K, committed 76888K, reserved 1116160K
  class space    used 10276K, capacity 11072K, committed 11136K, reserved 1048576K
Event: 454.972 GC heap after
Heap after GC invocations=13 (full 4):
 PSYoungGen      total 621056K, used 0K [0x000000076ab00000, 0x0000000795680000, 0x00000007c0000000)
  eden space 607232K, 0% used [0x000000076ab00000,0x000000076ab00000,0x000000078fc00000)
  from space 13824K, 0% used [0x0000000793800000,0x0000000793800000,0x0000000794580000)
  to   space 17408K, 0% used [0x0000000794580000,0x0000000794580000,0x0000000795680000)
 ParOldGen       total 172544K, used 34258K [0x00000006c0000000, 0x00000006ca880000, 0x000000076ab00000)
  object space 172544K, 19% used [0x00000006c0000000,0x00000006c2174a98,0x00000006ca880000)
 Metaspace       used 72306K, capacity 76736K, committed 76888K, reserved 1116160K
  class space    used 10275K, capacity 11069K, committed 11136K, reserved 1048576K
}
Event: 462.810 GC heap before
{Heap before GC invocations=14 (full 4):
 PSYoungGen      total 621056K, used 339121K [0x000000076ab00000, 0x0000000795680000, 0x00000007c0000000)
  eden space 607232K, 55% used [0x000000076ab00000,0x000000077f62c520,0x000000078fc00000)
  from space 13824K, 0% used [0x0000000793800000,0x0000000793800000,0x0000000794580000)
  to   space 17408K, 0% used [0x0000000794580000,0x0000000794580000,0x0000000795680000)
 ParOldGen       total 172544K, used 34258K [0x00000006c0000000, 0x00000006ca880000, 0x000000076ab00000)
  object space 172544K, 19% used [0x00000006c0000000,0x00000006c2174a98,0x00000006ca880000)
 Metaspace       used 73202K, capacity 77882K, committed 78040K, reserved 1116160K
  class space    used 10359K, capacity 11179K, committed 11264K, reserved 1048576K
Event: 462.850 GC heap after
Heap after GC invocations=14 (full 4):
 PSYoungGen      total 614400K, used 6870K [0x000000076ab00000, 0x0000000794c80000, 0x00000007c0000000)
  eden space 607232K, 0% used [0x000000076ab00000,0x000000076ab00000,0x000000078fc00000)
  from space 7168K, 95% used [0x0000000794580000,0x0000000794c35a78,0x0000000794c80000)
  to   space 25088K, 0% used [0x0000000791b80000,0x0000000791b80000,0x0000000793400000)
 ParOldGen       total 172544K, used 34266K [0x00000006c0000000, 0x00000006ca880000, 0x000000076ab00000)
  object space 172544K, 19% used [0x00000006c0000000,0x00000006c2176a98,0x00000006ca880000)
 Metaspace       used 73202K, capacity 77882K, committed 78040K, reserved 1116160K
  class space    used 10359K, capacity 11179K, committed 11264K, reserved 1048576K
}
Event: 462.850 GC heap before
{Heap before GC invocations=15 (full 5):
 PSYoungGen      total 614400K, used 6870K [0x000000076ab00000, 0x0000000794c80000, 0x00000007c0000000)
  eden space 607232K, 0% used [0x000000076ab00000,0x000000076ab00000,0x000000078fc00000)
  from space 7168K, 95% used [0x0000000794580000,0x0000000794c35a78,0x0000000794c80000)
  to   space 25088K, 0% used [0x0000000791b80000,0x0000000791b80000,0x0000000793400000)
 ParOldGen       total 172544K, used 34266K [0x00000006c0000000, 0x00000006ca880000, 0x000000076ab00000)
  object space 172544K, 19% used [0x00000006c0000000,0x00000006c2176a98,0x00000006ca880000)
 Metaspace       used 73202K, capacity 77882K, committed 78040K, reserved 1116160K
  class space    used 10359K, capacity 11179K, committed 11264K, reserved 1048576K
Event: 463.020 GC heap after
Heap after GC invocations=15 (full 5):
 PSYoungGen      total 614400K, used 0K [0x000000076ab00000, 0x0000000794c80000, 0x00000007c0000000)
  eden space 607232K, 0% used [0x000000076ab00000,0x000000076ab00000,0x000000078fc00000)
  from space 7168K, 0% used [0x0000000794580000,0x0000000794580000,0x0000000794c80000)
  to   space 25088K, 0% used [0x0000000791b80000,0x0000000791b80000,0x0000000793400000)
 ParOldGen       total 172544K, used 36883K [0x00000006c0000000, 0x00000006ca880000, 0x000000076ab00000)
  object space 172544K, 21% used [0x00000006c0000000,0x00000006c2404d70,0x00000006ca880000)
 Metaspace       used 73200K, capacity 77876K, committed 78040K, reserved 1116160K
  class space    used 10358K, capacity 11177K, committed 11264K, reserved 1048576K
}

Deoptimization events (0 events):
No events

Classes redefined (3 events):
Event: 452.874 Thread 0x00007f852584b000 redefined class name=com.bothash.crmbot.controller.MailListener, count=1
Event: 461.346 Thread 0x00007f852584b000 redefined class name=com.bothash.crmbot.controller.MailListener, count=2
Event: 461.359 Thread 0x00007f852584b000 redefined class name=com.bothash.crmbot.controller.MailListener, count=1

Internal exceptions (10 events):
Event: 465.370 Thread 0x00007f8514261800 Exception <a 'java/lang/ClassNotFoundException': java/lang/ObjectCustomizer> (0x00000007763719c0) thrown at [/System/Volumes/Data/jenkins/workspace/8-2-build-macosx-x86_64/jdk8u311/1894/hotspot/src/share/vm/classfile/systemDictionary.cpp, line 212]
Event: 465.371 Thread 0x00007f8514261800 Exception <a 'java/lang/ClassNotFoundException': com/bothash/crmbot/entity/FacebookLeadsCustomizer> (0x0000000776393668) thrown at [/System/Volumes/Data/jenkins/workspace/8-2-build-macosx-x86_64/jdk8u311/1894/hotspot/src/share/vm/classfile/systemDictionar
Event: 465.437 Thread 0x00007f8514261800 Exception <a 'java/lang/ClassNotFoundException': java/lang/ObjectCustomizer> (0x0000000777ac3930) thrown at [/System/Volumes/Data/jenkins/workspace/8-2-build-macosx-x86_64/jdk8u311/1894/hotspot/src/share/vm/classfile/systemDictionary.cpp, line 212]
Event: 465.438 Thread 0x00007f8514261800 Exception <a 'java/lang/ClassNotFoundException': com/bothash/crmbot/entity/HistoryEventsCustomizer> (0x0000000777ae55d8) thrown at [/System/Volumes/Data/jenkins/workspace/8-2-build-macosx-x86_64/jdk8u311/1894/hotspot/src/share/vm/classfile/systemDictionar
Event: 465.464 Thread 0x00007f8514261800 Exception <a 'java/lang/ClassNotFoundException': java/lang/ObjectCustomizer> (0x0000000778219f88) thrown at [/System/Volumes/Data/jenkins/workspace/8-2-build-macosx-x86_64/jdk8u311/1894/hotspot/src/share/vm/classfile/systemDictionary.cpp, line 212]
Event: 465.465 Thread 0x00007f8514261800 Exception <a 'java/lang/ClassNotFoundException': com/bothash/crmbot/entity/CloseTaskCustomizer> (0x000000077823abb8) thrown at [/System/Volumes/Data/jenkins/workspace/8-2-build-macosx-x86_64/jdk8u311/1894/hotspot/src/share/vm/classfile/systemDictionary.cp
Event: 466.513 Thread 0x00007f84f7020000 Exception <a 'java/lang/ClassNotFoundException': java/lang/ObjectCustomizer> (0x000000077e1d0f40) thrown at [/System/Volumes/Data/jenkins/workspace/8-2-build-macosx-x86_64/jdk8u311/1894/hotspot/src/share/vm/classfile/systemDictionary.cpp, line 212]
Event: 466.518 Thread 0x00007f84f7020000 Exception <a 'java/lang/ClassNotFoundException': com/bothash/crmbot/entity/FacebookLeadConfigsCustomizer> (0x000000077e1f5260) thrown at [/System/Volumes/Data/jenkins/workspace/8-2-build-macosx-x86_64/jdk8u311/1894/hotspot/src/share/vm/classfile/systemDic
Event: 468.397 Thread 0x00007f8525aca800 Exception <a 'java/io/FileNotFoundException'> (0x000000077e67ced0) thrown at [/System/Volumes/Data/jenkins/workspace/8-2-build-macosx-x86_64/jdk8u311/1894/hotspot/src/share/vm/prims/jni.cpp, line 710]
Event: 468.398 Thread 0x00007f8525aca800 Exception <a 'java/io/FileNotFoundException'> (0x000000077e67da38) thrown at [/System/Volumes/Data/jenkins/workspace/8-2-build-macosx-x86_64/jdk8u311/1894/hotspot/src/share/vm/prims/jni.cpp, line 710]

Events (10 events):
Event: 468.415 Thread 0x00007f8525aca800 DEOPT PACKING pc=0x000000010e39ea8c sp=0x000000030d962ea0
Event: 468.415 Thread 0x00007f8525aca800 DEOPT UNPACKING pc=0x000000010dcf4404 sp=0x000000030d962ce0 mode 1
Event: 468.415 loading class javax/mail/internet/MailDateFormat$AbstractDateParser
Event: 468.415 loading class javax/mail/internet/MailDateFormat$AbstractDateParser done
Event: 468.415 Thread 0x00007f8525aca800 DEOPT PACKING pc=0x000000010defeb91 sp=0x000000030d960c70
Event: 468.415 Thread 0x00007f8525aca800 DEOPT UNPACKING pc=0x000000010dcf4404 sp=0x000000030d9609e0 mode 1
Event: 468.415 Thread 0x00007f8525aca800 DEOPT PACKING pc=0x000000010e39eb44 sp=0x000000030d960cf0
Event: 468.415 Thread 0x00007f8525aca800 DEOPT UNPACKING pc=0x000000010dcf4404 sp=0x000000030d960b30 mode 1
Event: 468.415 Thread 0x00007f8525aca800 DEOPT PACKING pc=0x000000010e39ea8c sp=0x000000030d960e80
Event: 468.415 Thread 0x00007f8525aca800 DEOPT UNPACKING pc=0x000000010dcf4404 sp=0x000000030d960cc0 mode 1


Dynamic libraries:
0x00007ff822490000 	/System/Library/Frameworks/Cocoa.framework/Versions/A/Cocoa
0x00007ff80dd8e000 	/System/Library/Frameworks/AppKit.framework/Versions/C/AppKit
0x00007ff8112ed000 	/System/Library/Frameworks/CoreData.framework/Versions/A/CoreData
0x00007ff80c1a5000 	/System/Library/Frameworks/Foundation.framework/Versions/C/Foundation
0x00007ff816509000 	/usr/lib/libSystem.B.dylib
0x00007ff80ec20000 	/System/Library/PrivateFrameworks/UIFoundation.framework/Versions/A/UIFoundation
0x00007ff81c43c000 	/System/Library/PrivateFrameworks/RemoteViewServices.framework/Versions/A/RemoteViewServices
0x00007ff8147dc000 	/System/Library/PrivateFrameworks/XCTTargetBootstrap.framework/Versions/A/XCTTargetBootstrap
0x00007ff8183d5000 	/System/Library/PrivateFrameworks/InternationalSupport.framework/Versions/A/InternationalSupport
0x00007ff81845f000 	/System/Library/PrivateFrameworks/UserActivity.framework/Versions/A/UserActivity
0x00007ff8177bc000 	/usr/lib/libspindump.dylib
0x00007ff80eeae000 	/System/Library/Frameworks/UniformTypeIdentifiers.framework/Versions/A/UniformTypeIdentifiers
0x00007ff812f15000 	/usr/lib/libapp_launch_measurement.dylib
0x00007ff811cc9000 	/System/Library/PrivateFrameworks/CoreAnalytics.framework/Versions/A/CoreAnalytics
0x00007ff812f18000 	/System/Library/PrivateFrameworks/CoreAutoLayout.framework/Versions/A/CoreAutoLayout
0x00007ff814138000 	/System/Library/Frameworks/Metal.framework/Versions/A/Metal
0x00007ff814e54000 	/usr/lib/liblangid.dylib
0x00007ff8147e0000 	/System/Library/PrivateFrameworks/CoreSVG.framework/Versions/A/CoreSVG
0x00007ff810275000 	/System/Library/PrivateFrameworks/SkyLight.framework/Versions/A/SkyLight
0x00007ff81060b000 	/System/Library/Frameworks/CoreGraphics.framework/Versions/A/CoreGraphics
0x00007ff81caab000 	/System/Library/Frameworks/Accelerate.framework/Versions/A/Accelerate
0x00007ff817237000 	/System/Library/PrivateFrameworks/IconServices.framework/Versions/A/IconServices
0x00007ff81411d000 	/System/Library/Frameworks/IOSurface.framework/Versions/A/IOSurface
0x00007ff811cf7000 	/usr/lib/libDiagnosticMessagesClient.dylib
0x00007ff816423000 	/usr/lib/libz.1.dylib
0x00007ff82011c000 	/System/Library/Frameworks/ApplicationServices.framework/Versions/A/ApplicationServices
0x00007ff8147c8000 	/System/Library/PrivateFrameworks/DFRFoundation.framework/Versions/A/DFRFoundation
0x00007ff80d67f000 	/usr/lib/libicucore.A.dylib
0x00007ff8190fa000 	/System/Library/Frameworks/AudioToolbox.framework/Versions/A/AudioToolbox
0x00007ff8183e1000 	/System/Library/PrivateFrameworks/DataDetectorsCore.framework/Versions/A/DataDetectorsCore
0x00007ff913cd3000 	/System/Library/PrivateFrameworks/TextInput.framework/Versions/A/TextInput
0x00007ff8101f9000 	/usr/lib/libMobileGestalt.dylib
0x00007ff8144d0000 	/System/Library/Frameworks/Carbon.framework/Versions/A/Frameworks/HIToolbox.framework/Versions/A/HIToolbox
0x00007ff812942000 	/System/Library/Frameworks/QuartzCore.framework/Versions/A/QuartzCore
0x00007ff80d31f000 	/System/Library/Frameworks/Security.framework/Versions/A/Security
0x00007ff81c474000 	/System/Library/Frameworks/Carbon.framework/Versions/A/Frameworks/SpeechRecognition.framework/Versions/A/SpeechRecognition
0x00007ff812c75000 	/System/Library/PrivateFrameworks/CoreUI.framework/Versions/A/CoreUI
0x00007ff80cbf7000 	/System/Library/Frameworks/CoreAudio.framework/Versions/A/CoreAudio
0x00007ff811de5000 	/System/Library/Frameworks/DiskArbitration.framework/Versions/A/DiskArbitration
0x00007ff817b9f000 	/System/Library/PrivateFrameworks/MultitouchSupport.framework/Versions/A/MultitouchSupport
0x00007ff8101f8000 	/usr/lib/libenergytrace.dylib
0x00007ff80dc7a000 	/System/Library/Frameworks/IOKit.framework/Versions/A/IOKit
0x00007ff81c860000 	/System/Library/Frameworks/CoreServices.framework/Versions/A/CoreServices
0x00007ff812eaf000 	/System/Library/PrivateFrameworks/PerformanceAnalysis.framework/Versions/A/PerformanceAnalysis
0x00007ffa237ba000 	/System/Library/Frameworks/OpenGL.framework/Versions/A/OpenGL
0x00007ff815a50000 	/System/Library/PrivateFrameworks/MobileKeyBag.framework/Versions/A/MobileKeyBag
0x00007ff80b23d000 	/usr/lib/libobjc.A.dylib
0x00007ff810d3a000 	/System/Library/Frameworks/ColorSync.framework/Versions/A/ColorSync
0x00007ff80b3f9000 	/System/Library/Frameworks/CoreFoundation.framework/Versions/A/CoreFoundation
0x00007ff814a5b000 	/System/Library/Frameworks/CoreImage.framework/Versions/A/CoreImage
0x00007ff80ca0d000 	/System/Library/Frameworks/CoreText.framework/Versions/A/CoreText
0x00007ff81480f000 	/System/Library/Frameworks/ImageIO.framework/Versions/A/ImageIO
0x00007ff81650f000 	/System/Library/PrivateFrameworks/SoftLinking.framework/Versions/A/SoftLinking
0x00007ff812f60000 	/usr/lib/libxml2.2.dylib
0x00007ff80b306000 	/usr/lib/libc++.1.dylib
0x00007ff816790000 	/usr/lib/libcompression.dylib
0x00007ff81830b000 	/System/Library/PrivateFrameworks/TextureIO.framework/Versions/A/TextureIO
0x00007ff816eb0000 	/usr/lib/libate.dylib
0x00007ff816504000 	/usr/lib/system/libcache.dylib
0x00007ff8164c0000 	/usr/lib/system/libcommonCrypto.dylib
0x00007ff8164e9000 	/usr/lib/system/libcompiler_rt.dylib
0x00007ff8164df000 	/usr/lib/system/libcopyfile.dylib
0x00007ff80b137000 	/usr/lib/system/libcorecrypto.dylib
0x00007ff80b1f6000 	/usr/lib/system/libdispatch.dylib
0x00007ff80b3b8000 	/usr/lib/system/libdyld.dylib
0x00007ff8164fb000 	/usr/lib/system/libkeymgr.dylib
0x00007ff81649e000 	/usr/lib/system/libmacho.dylib
0x00007ff815b24000 	/usr/lib/system/libquarantine.dylib
0x00007ff8164f9000 	/usr/lib/system/libremovefile.dylib
0x00007ff810245000 	/usr/lib/system/libsystem_asl.dylib
0x00007ff80b0e5000 	/usr/lib/system/libsystem_blocks.dylib
0x00007ff80b27d000 	/usr/lib/system/libsystem_c.dylib
0x00007ff8164f1000 	/usr/lib/system/libsystem_collections.dylib
0x00007ff814e45000 	/usr/lib/system/libsystem_configuration.dylib
0x00007ff814100000 	/usr/lib/system/libsystem_containermanager.dylib
0x00007ff8161d5000 	/usr/lib/system/libsystem_coreservices.dylib
0x00007ff80d908000 	/usr/lib/system/libsystem_darwin.dylib
0x00007ff8164fc000 	/usr/lib/system/libsystem_dnssd.dylib
0x00007ff80b27a000 	/usr/lib/system/libsystem_featureflags.dylib
0x00007ff80b3ce000 	/usr/lib/system/libsystem_info.dylib
0x00007ff816436000 	/usr/lib/system/libsystem_m.dylib
0x00007ff80b1ca000 	/usr/lib/system/libsystem_malloc.dylib
0x00007ff8101e2000 	/usr/lib/system/libsystem_networkextension.dylib
0x00007ff80dd30000 	/usr/lib/system/libsystem_notify.dylib
0x00007ff81c735000 	/usr/lib/system/libsystem_product_info_filter.dylib
0x00007ff814e49000 	/usr/lib/system/libsystem_sandbox.dylib
0x00007ff8164f6000 	/usr/lib/system/libsystem_secinit.dylib
0x00007ff80b375000 	/usr/lib/system/libsystem_kernel.dylib
0x00007ff80b3c4000 	/usr/lib/system/libsystem_platform.dylib
0x00007ff80b3ac000 	/usr/lib/system/libsystem_pthread.dylib
0x00007ff811b10000 	/usr/lib/system/libsystem_symptoms.dylib
0x00007ff80b11e000 	/usr/lib/system/libsystem_trace.dylib
0x00007ff8164cc000 	/usr/lib/system/libunwind.dylib
0x00007ff80b0e7000 	/usr/lib/system/libxpc.dylib
0x00007ff80b35f000 	/usr/lib/libc++abi.dylib
0x00007ff8164d7000 	/usr/lib/liboah.dylib
0x00007ff816c69000 	/usr/lib/liblzma.5.dylib
0x00007ff80beb6000 	/System/Library/Frameworks/SystemConfiguration.framework/Versions/A/SystemConfiguration
0x00007ff81650b000 	/usr/lib/libfakelink.dylib
0x00007ff80fd4b000 	/System/Library/Frameworks/CFNetwork.framework/Versions/A/CFNetwork
0x00007ff81664a000 	/usr/lib/libarchive.2.dylib
0x00007ff814e50000 	/System/Library/PrivateFrameworks/AppleSystemInfo.framework/Versions/A/AppleSystemInfo
0x00007ff815b4b000 	/usr/lib/libbsm.0.dylib
0x00007ff80f381000 	/usr/lib/libnetwork.dylib
0x00007ff8164a4000 	/usr/lib/system/libkxld.dylib
0x00007ff815779000 	/System/Library/PrivateFrameworks/IOMobileFramebuffer.framework/Versions/A/IOMobileFramebuffer
0x00007ffb21426000 	/usr/lib/libCoreEntitlements.dylib
0x00007ff8161b7000 	/System/Library/PrivateFrameworks/AppleFSCompression.framework/Versions/A/AppleFSCompression
0x00007ff815b33000 	/usr/lib/libcoretls.dylib
0x00007ff816c83000 	/usr/lib/libcoretls_cfhelpers.dylib
0x00007ff81678b000 	/usr/lib/libpam.2.dylib
0x00007ff811736000 	/usr/lib/libsqlite3.dylib
0x00007ff816cf2000 	/usr/lib/libxar.1.dylib
0x00007ff8161c7000 	/usr/lib/libbz2.1.0.dylib
0x00007ff816510000 	/usr/lib/libpcap.A.dylib
0x00007ff811b07000 	/usr/lib/libdns_services.dylib
0x00007ff81675d000 	/usr/lib/libapple_nghttp2.dylib
0x00007ff816547000 	/usr/lib/libiconv.2.dylib
0x00007ff81649d000 	/usr/lib/libcharset.1.dylib
0x00007ff812ee3000 	/System/Library/Frameworks/CoreServices.framework/Versions/A/Frameworks/FSEvents.framework/Versions/A/FSEvents
0x00007ff80d912000 	/System/Library/Frameworks/CoreServices.framework/Versions/A/Frameworks/CarbonCore.framework/Versions/A/CarbonCore
0x00007ff811d4a000 	/System/Library/Frameworks/CoreServices.framework/Versions/A/Frameworks/Metadata.framework/Versions/A/Metadata
0x00007ff8161da000 	/System/Library/Frameworks/CoreServices.framework/Versions/A/Frameworks/OSServices.framework/Versions/A/OSServices
0x00007ff8166d1000 	/System/Library/Frameworks/CoreServices.framework/Versions/A/Frameworks/SearchKit.framework/Versions/A/SearchKit
0x00007ff811a99000 	/System/Library/Frameworks/CoreServices.framework/Versions/A/Frameworks/AE.framework/Versions/A/AE
0x00007ff80b8fa000 	/System/Library/Frameworks/CoreServices.framework/Versions/A/Frameworks/LaunchServices.framework/Versions/A/LaunchServices
0x00007ff816c1a000 	/System/Library/Frameworks/CoreServices.framework/Versions/A/Frameworks/DictionaryServices.framework/Versions/A/DictionaryServices
0x00007ff812ef0000 	/System/Library/Frameworks/CoreServices.framework/Versions/A/Frameworks/SharedFileList.framework/Versions/A/SharedFileList
0x00007ff815b27000 	/usr/lib/libCheckFix.dylib
0x00007ff81025c000 	/System/Library/PrivateFrameworks/TCC.framework/Versions/A/TCC
0x00007ff814e56000 	/System/Library/PrivateFrameworks/CoreNLP.framework/Versions/A/CoreNLP
0x00007ff811cfa000 	/System/Library/PrivateFrameworks/MetadataUtilities.framework/Versions/A/MetadataUtilities
0x00007ff80bf66000 	/usr/lib/libmecabra.dylib
0x00007ff815b5b000 	/usr/lib/libmecab.dylib
0x00007ff80bf31000 	/usr/lib/libCRFSuite.dylib
0x00007ff815bb8000 	/usr/lib/libgermantok.dylib
0x00007ff816738000 	/usr/lib/libThaiTokenizer.dylib
0x00007ff811dec000 	/System/Library/Frameworks/Accelerate.framework/Versions/A/Frameworks/vImage.framework/Versions/A/vImage
0x00007ff81c837000 	/System/Library/Frameworks/Accelerate.framework/Versions/A/Frameworks/vecLib.framework/Versions/A/vecLib
0x00007ff816d33000 	/System/Library/Frameworks/Accelerate.framework/Versions/A/Frameworks/vecLib.framework/Versions/A/libvMisc.dylib
0x00007ff81556d000 	/System/Library/Frameworks/Accelerate.framework/Versions/A/Frameworks/vecLib.framework/Versions/A/libvDSP.dylib
0x00007ff80bc72000 	/System/Library/Frameworks/Accelerate.framework/Versions/A/Frameworks/vecLib.framework/Versions/A/libBLAS.dylib
0x00007ff81686d000 	/System/Library/Frameworks/Accelerate.framework/Versions/A/Frameworks/vecLib.framework/Versions/A/libLAPACK.dylib
0x00007ff815bbb000 	/System/Library/Frameworks/Accelerate.framework/Versions/A/Frameworks/vecLib.framework/Versions/A/libLinearAlgebra.dylib
0x00007ff816776000 	/System/Library/Frameworks/Accelerate.framework/Versions/A/Frameworks/vecLib.framework/Versions/A/libSparseBLAS.dylib
0x00007ff816867000 	/System/Library/Frameworks/Accelerate.framework/Versions/A/Frameworks/vecLib.framework/Versions/A/libQuadrature.dylib
0x00007ff814f40000 	/System/Library/Frameworks/Accelerate.framework/Versions/A/Frameworks/vecLib.framework/Versions/A/libBNNS.dylib
0x00007ff80be47000 	/System/Library/Frameworks/Accelerate.framework/Versions/A/Frameworks/vecLib.framework/Versions/A/libSparse.dylib
0x00007ff814f39000 	/System/Library/PrivateFrameworks/LinguisticData.framework/Versions/A/LinguisticData
0x00007ff80bdfc000 	/System/Library/PrivateFrameworks/Lexicon.framework/Versions/A/Lexicon
0x00007ff816d2c000 	/usr/lib/libChineseTokenizer.dylib
0x00007ff80c560000 	/System/Library/PrivateFrameworks/LanguageModeling.framework/Versions/A/LanguageModeling
0x00007ff81673a000 	/System/Library/PrivateFrameworks/AppleSauce.framework/Versions/A/AppleSauce
0x00007ff815767000 	/System/Library/PrivateFrameworks/CoreEmoji.framework/Versions/A/CoreEmoji
0x00007ff816639000 	/usr/lib/libcmph.dylib
0x00007ff812ec7000 	/System/Library/Frameworks/OpenDirectory.framework/Versions/A/Frameworks/CFOpenDirectory.framework/Versions/A/CFOpenDirectory
0x00007ff812ebb000 	/System/Library/Frameworks/OpenDirectory.framework/Versions/A/OpenDirectory
0x00007ff816c85000 	/System/Library/PrivateFrameworks/APFS.framework/Versions/A/APFS
0x00007ff815a88000 	/System/Library/Frameworks/SecurityFoundation.framework/Versions/A/SecurityFoundation
0x00007ff816d00000 	/usr/lib/libutil.dylib
0x00007ff80dc3d000 	/System/Library/PrivateFrameworks/CoreServicesStore.framework/Versions/A/CoreServicesStore
0x00007ff816d04000 	/usr/lib/libxslt.1.dylib
0x00007ff815b15000 	/System/Library/PrivateFrameworks/BackgroundTaskManagement.framework/Versions/A/BackgroundTaskManagement
0x00007ff81822d000 	/System/Library/Frameworks/ImageIO.framework/Versions/A/Resources/libRadiance.dylib
0x00007ff818236000 	/System/Library/Frameworks/ImageIO.framework/Versions/A/Resources/libJPEG.dylib
0x00007ff818187000 	/System/Library/Frameworks/ImageIO.framework/Versions/A/Resources/libPng.dylib
0x00007ff8181a8000 	/System/Library/Frameworks/ImageIO.framework/Versions/A/Resources/libTIFF.dylib
0x00007ff818294000 	/System/Library/Frameworks/ImageIO.framework/Versions/A/Resources/libGIF.dylib
0x00007ff817abc000 	/System/Library/Frameworks/ImageIO.framework/Versions/A/Resources/libJP2.dylib
0x00007ff8171fe000 	/usr/lib/libexpat.1.dylib
0x00007ff817a71000 	/System/Library/PrivateFrameworks/AppleJPEG.framework/Versions/A/AppleJPEG
0x00007ff814393000 	/System/Library/PrivateFrameworks/FontServices.framework/libFontParser.dylib
0x00007ff811a43000 	/System/Library/PrivateFrameworks/RunningBoardServices.framework/Versions/A/RunningBoardServices
0x00007ff822a0c000 	/System/Library/PrivateFrameworks/IOSurfaceAccelerator.framework/Versions/A/IOSurfaceAccelerator
0x00007ff817b9b000 	/System/Library/PrivateFrameworks/WatchdogClient.framework/Versions/A/WatchdogClient
0x00007ff80c64f000 	/System/Library/Frameworks/CoreDisplay.framework/Versions/A/CoreDisplay
0x00007ff814292000 	/System/Library/Frameworks/CoreMedia.framework/Versions/A/CoreMedia
0x00007ff81412f000 	/System/Library/PrivateFrameworks/IOAccelerator.framework/Versions/A/IOAccelerator
0x00007ff813043000 	/System/Library/Frameworks/CoreVideo.framework/Versions/A/CoreVideo
0x00007ff816789000 	/System/Library/Frameworks/MetalPerformanceShaders.framework/Versions/A/MetalPerformanceShaders
0x00007ff817bd6000 	/System/Library/Frameworks/VideoToolbox.framework/Versions/A/VideoToolbox
0x00007ff81198b000 	/System/Library/PrivateFrameworks/BaseBoard.framework/Versions/A/BaseBoard
0x00007ff81171c000 	/System/Library/PrivateFrameworks/ProtocolBuffer.framework/Versions/A/ProtocolBuffer
0x00007ff818226000 	/System/Library/PrivateFrameworks/GPUWrangler.framework/Versions/A/GPUWrangler
0x00007ff818209000 	/System/Library/PrivateFrameworks/IOPresentment.framework/Versions/A/IOPresentment
0x00007ff818230000 	/System/Library/PrivateFrameworks/DSExternalDisplay.framework/Versions/A/DSExternalDisplay
0x00007ffa237ae000 	/System/Library/Frameworks/OpenGL.framework/Versions/A/Libraries/libCoreFSCache.dylib
0x00007ffb0f696000 	/System/Library/PrivateFrameworks/GPUCompiler.framework/Versions/31001/Libraries/libGPUCompilerUtils.dylib
0x00007ff818299000 	/System/Library/PrivateFrameworks/CMCaptureCore.framework/Versions/A/CMCaptureCore
0x00007ff8177aa000 	/System/Library/PrivateFrameworks/AppServerSupport.framework/Versions/A/AppServerSupport
0x00007ff819980000 	/System/Library/PrivateFrameworks/perfdata.framework/Versions/A/perfdata
0x00007ff80c77b000 	/System/Library/PrivateFrameworks/AudioToolboxCore.framework/Versions/A/AudioToolboxCore
0x00007ff81426f000 	/System/Library/PrivateFrameworks/caulk.framework/Versions/A/caulk
0x00007ff8192a4000 	/usr/lib/libAudioStatistics.dylib
0x00007ff910561000 	/System/Library/PrivateFrameworks/SystemPolicy.framework/Versions/A/SystemPolicy
0x00007ff8194f9000 	/usr/lib/libSMC.dylib
0x00007ff822343000 	/System/Library/Frameworks/CoreMIDI.framework/Versions/A/CoreMIDI
0x00007ff818157000 	/usr/lib/libAudioToolboxUtility.dylib
0x00007ff90c973000 	/System/Library/PrivateFrameworks/OSAServicesClient.framework/Versions/A/OSAServicesClient
0x00007ff81998d000 	/usr/lib/libperfcheck.dylib
0x00007ff910ff3000 	/usr/lib/libmis.dylib
0x00007ffa2380a000 	/System/Library/Frameworks/OpenGL.framework/Versions/A/Libraries/libGLU.dylib
0x00007ffa237cd000 	/System/Library/Frameworks/OpenGL.framework/Versions/A/Libraries/libGFXShared.dylib
0x00007ffa239db000 	/System/Library/Frameworks/OpenGL.framework/Versions/A/Libraries/libGL.dylib
0x00007ffa237d6000 	/System/Library/Frameworks/OpenGL.framework/Versions/A/Libraries/libGLImage.dylib
0x00007ffa237ca000 	/System/Library/Frameworks/OpenGL.framework/Versions/A/Libraries/libCVMSPluginSupport.dylib
0x00007ffa237b5000 	/System/Library/Frameworks/OpenGL.framework/Versions/A/Libraries/libCoreVMClient.dylib
0x00007ff814dd4000 	/System/Library/Frameworks/MetalPerformanceShaders.framework/Versions/A/Frameworks/MPSCore.framework/Versions/A/MPSCore
0x00007ff816122000 	/System/Library/Frameworks/MetalPerformanceShaders.framework/Versions/A/Frameworks/MPSImage.framework/Versions/A/MPSImage
0x00007ff815bd1000 	/System/Library/Frameworks/MetalPerformanceShaders.framework/Versions/A/Frameworks/MPSNeuralNetwork.framework/Versions/A/MPSNeuralNetwork
0x00007ff816046000 	/System/Library/Frameworks/MetalPerformanceShaders.framework/Versions/A/Frameworks/MPSMatrix.framework/Versions/A/MPSMatrix
0x00007ff815e02000 	/System/Library/Frameworks/MetalPerformanceShaders.framework/Versions/A/Frameworks/MPSRayIntersector.framework/Versions/A/MPSRayIntersector
0x00007ff81607f000 	/System/Library/Frameworks/MetalPerformanceShaders.framework/Versions/A/Frameworks/MPSNDArray.framework/Versions/A/MPSNDArray
0x00007ffa283cf000 	/System/Library/Frameworks/MetalPerformanceShaders.framework/Versions/A/Frameworks/MPSFunctions.framework/Versions/A/MPSFunctions
0x00007ff80bb55000 	/System/Library/PrivateFrameworks/MetalTools.framework/Versions/A/MetalTools
0x00007ff814e4e000 	/System/Library/PrivateFrameworks/AggregateDictionary.framework/Versions/A/AggregateDictionary
0x00007ff816fe0000 	/usr/lib/libIOReport.dylib
0x00007ffa24dea000 	/System/Library/Frameworks/OpenCL.framework/Versions/A/OpenCL
0x00007ff817344000 	/System/Library/PrivateFrameworks/FaceCore.framework/Versions/A/FaceCore
0x00007ff817335000 	/System/Library/PrivateFrameworks/GraphVisualizer.framework/Versions/A/GraphVisualizer
0x00007ffb0f5a1000 	/System/Library/PrivateFrameworks/FontServices.framework/Versions/A/FontServices
0x00007ff817761000 	/System/Library/PrivateFrameworks/OTSVG.framework/Versions/A/OTSVG
0x00007ff812c2b000 	/System/Library/Frameworks/ApplicationServices.framework/Versions/A/Frameworks/ATS.framework/Versions/A/Resources/libFontRegistry.dylib
0x00007ff8177b2000 	/System/Library/PrivateFrameworks/FontServices.framework/libhvf.dylib
0x00007ffb0f5a2000 	/System/Library/PrivateFrameworks/FontServices.framework/libXTFontStaticRegistryData.dylib
0x00007ff8171ae000 	/System/Library/PrivateFrameworks/AppleVA.framework/Versions/A/AppleVA
0x00007ff8192c8000 	/System/Library/Frameworks/ApplicationServices.framework/Versions/A/Frameworks/ATS.framework/Versions/A/ATS
0x00007ff810e36000 	/System/Library/Frameworks/ApplicationServices.framework/Versions/A/Frameworks/HIServices.framework/Versions/A/HIServices
0x00007ff8182a3000 	/System/Library/Frameworks/ApplicationServices.framework/Versions/A/Frameworks/PrintCore.framework/Versions/A/PrintCore
0x00007ff81964c000 	/System/Library/Frameworks/ApplicationServices.framework/Versions/A/Frameworks/QD.framework/Versions/A/QD
0x00007ff819644000 	/System/Library/Frameworks/ApplicationServices.framework/Versions/A/Frameworks/ColorSyncLegacy.framework/Versions/A/ColorSyncLegacy
0x00007ff8192b8000 	/System/Library/Frameworks/ApplicationServices.framework/Versions/A/Frameworks/SpeechSynthesis.framework/Versions/A/SpeechSynthesis
0x00007ff818264000 	/System/Library/Frameworks/ApplicationServices.framework/Versions/A/Frameworks/ATSUI.framework/Versions/A/ATSUI
0x00007ff8195d9000 	/usr/lib/libcups.2.dylib
0x00007ff81999c000 	/System/Library/Frameworks/Kerberos.framework/Versions/A/Kerberos
0x00007ff8199ab000 	/System/Library/Frameworks/GSS.framework/Versions/A/GSS
0x00007ff819334000 	/usr/lib/libresolv.9.dylib
0x00007ff8177c1000 	/System/Library/PrivateFrameworks/Heimdal.framework/Versions/A/Heimdal
0x00007ff820499000 	/System/Library/Frameworks/Kerberos.framework/Versions/A/Libraries/libHeimdalProxy.dylib
0x00007ff811b18000 	/System/Library/Frameworks/Network.framework/Versions/A/Network
0x00007ff817218000 	/usr/lib/libheimdal-asn1.dylib
0x00007ff8199f7000 	/System/Library/PrivateFrameworks/CommonAuth.framework/Versions/A/CommonAuth
0x00007ff819235000 	/System/Library/PrivateFrameworks/AudioSession.framework/Versions/A/AudioSession
0x00007ff8172a8000 	/System/Library/PrivateFrameworks/MediaExperience.framework/Versions/A/MediaExperience
0x00007ff8190c9000 	/System/Library/PrivateFrameworks/AudioSession.framework/libSessionUtility.dylib
0x00007ff819658000 	/System/Library/PrivateFrameworks/AudioResourceArbitration.framework/Versions/A/AudioResourceArbitration
0x00007ff81d64a000 	/System/Library/PrivateFrameworks/PowerLog.framework/Versions/A/PowerLog
0x00007ff817221000 	/System/Library/PrivateFrameworks/IconFoundation.framework/Versions/A/IconFoundation
0x00007ff81c464000 	/System/Library/PrivateFrameworks/SpeechRecognitionCore.framework/Versions/A/SpeechRecognitionCore
0x000000010beca000 	/Library/Internet Plug-Ins/JavaAppletPlugin.plugin/Contents/Home/lib/server/libjvm.dylib
0x000000010b118000 	/Library/Internet Plug-Ins/JavaAppletPlugin.plugin/Contents/Home/lib/libverify.dylib
0x000000010b16f000 	/Library/Internet Plug-Ins/JavaAppletPlugin.plugin/Contents/Home/lib/libjava.dylib
0x000000010b22f000 	/Library/Internet Plug-Ins/JavaAppletPlugin.plugin/Contents/Home/lib/libjdwp.dylib
0x000000010b13c000 	/Library/Internet Plug-Ins/JavaAppletPlugin.plugin/Contents/Home/lib/libnpt.dylib
0x000000010b2dd000 	/Library/Internet Plug-Ins/JavaAppletPlugin.plugin/Contents/Home/lib/libinstrument.dylib
0x000000010b329000 	/Library/Internet Plug-Ins/JavaAppletPlugin.plugin/Contents/Home/lib/libzip.dylib
0x000000010bd7c000 	/Library/Internet Plug-Ins/JavaAppletPlugin.plugin/Contents/Home/lib/libdt_socket.dylib
0x000000012893f000 	/Library/Internet Plug-Ins/JavaAppletPlugin.plugin/Contents/Home/lib/libmanagement.dylib
0x00000001289b9000 	/Library/Internet Plug-Ins/JavaAppletPlugin.plugin/Contents/Home/lib/libnet.dylib
0x00000001289f7000 	/Library/Internet Plug-Ins/JavaAppletPlugin.plugin/Contents/Home/lib/libnio.dylib
0x000000012b3c1000 	/Library/Internet Plug-Ins/JavaAppletPlugin.plugin/Contents/Home/lib/libsunec.dylib

VM Arguments:
jvm_args: -agentlib:jdwp=transport=dt_socket,suspend=y,address=localhost:61434 -Dcom.sun.management.jmxremote -Dcom.sun.management.jmxremote.port=61433 -Dcom.sun.management.jmxremote.authenticate=false -Dcom.sun.management.jmxremote.ssl=false -Djava.rmi.server.hostname=localhost -Dspring.jmx.enabled=true -Dspring.application.admin.enabled=true -Djava.security.egd=file:/dev/./urandom -XX:TieredStopAtLevel=1 -Dspring.boot.project.name=crmbot -javaagent:/Applications/SpringToolSuite4.app/Contents/Eclipse/configuration/org.eclipse.osgi/254/0/.cp/lib/javaagent-shaded.jar -Dfile.encoding=UTF-8 
java_command: com.bothash.crmbot.CrmbotApplication --spring.output.ansi.enabled=always
java_class_path (initial): /Users/impactsure/Documents/Projects/SureSuite/crmbot/target/classes:/Users/impactsure/.m2/repository/org/json/json/20220924/json-20220924.jar:/Users/impactsure/.m2/repository/org/springframework/boot/spring-boot-devtools/2.7.3/spring-boot-devtools-2.7.3.jar:/Users/impactsure/.m2/repository/org/springframework/boot/spring-boot/2.7.3/spring-boot-2.7.3.jar:/Users/impactsure/.m2/repository/org/springframework/spring-core/5.3.22/spring-core-5.3.22.jar:/Users/impactsure/.m2/repository/org/springframework/spring-jcl/5.3.22/spring-jcl-5.3.22.jar:/Users/impactsure/.m2/repository/org/springframework/spring-context/5.3.22/spring-context-5.3.22.jar:/Users/impactsure/.m2/repository/org/springframework/boot/spring-boot-autoconfigure/2.7.3/spring-boot-autoconfigure-2.7.3.jar:/Users/impactsure/.m2/repository/org/springframework/boot/spring-boot-starter-data-jpa/2.7.3/spring-boot-starter-data-jpa-2.7.3.jar:/Users/impactsure/.m2/repository/org/springframework/boot/spring-boot-starter-aop/2.7.3/spring-boot-starter-aop-2.7.3.jar:/Users/impactsure/.m2/repository/org/aspectj/aspectjweaver/1.9.7/aspectjweaver-1.9.7.jar:/Users/impactsure/.m2/repository/org/springframework/boot/spring-boot-starter-jdbc/2.7.3/spring-boot-starter-jdbc-2.7.3.jar:/Users/impactsure/.m2/repository/com/zaxxer/HikariCP/4.0.3/HikariCP-4.0.3.jar:/Users/impactsure/.m2/repository/org/springframework/spring-jdbc/5.3.22/spring-jdbc-5.3.22.jar:/Users/impactsure/.m2/repository/jakarta/transaction/jakarta.transaction-api/1.3.3/jakarta.transaction-api-1.3.3.jar:/Users/impactsure/.m2/repository/jakarta/persistence/jakarta.persistence-api/2.2.3/jakarta.persistence-api-2.2.3.jar:/Users/impactsure/.m2/repository/org/hibernate/hibernate-core/5.6.10.Final/hibernate-core-5.6.10.Final.jar:/Users/impactsure/.m2/repository/org/jboss/logging/jboss-logging/3.4.3.Final/jboss-logging-3.4.3.Final.jar:/Users/impactsure/.m2/repository/net/bytebuddy/byte-buddy/1.12.13/byte-buddy-1.12.13.jar:/Users/impactsure/.m2/
Launcher Type: SUN_STANDARD

Environment Variables:
PATH=/usr/bin:/bin:/usr/sbin:/sbin
SHELL=/bin/zsh

Signal Handlers:
SIGSEGV: [libjvm.dylib+0x59bd8b], sa_mask[0]=11111111111111111111111111111111, sa_flags=SA_ONSTACK|SA_RESTART|SA_SIGINFO
SIGBUS: [libjvm.dylib+0x59bd8b], sa_mask[0]=11111111111111111111111111111111, sa_flags=SA_RESTART|SA_SIGINFO
SIGFPE: [libjvm.dylib+0x59bd8b], sa_mask[0]=11111111111111111111111111111111, sa_flags=SA_RESTART|SA_SIGINFO
SIGPIPE: [libjvm.dylib+0x48f813], sa_mask[0]=11111111111111111111111111111111, sa_flags=SA_RESTART|SA_SIGINFO
SIGXFSZ: [libjvm.dylib+0x48f813], sa_mask[0]=11111111111111111111111111111111, sa_flags=SA_RESTART|SA_SIGINFO
SIGILL: [libjvm.dylib+0x59bd8b], sa_mask[0]=11111111111111111111111111111111, sa_flags=SA_RESTART|SA_SIGINFO
SIGUSR1: SIG_DFL, sa_mask[0]=00000000000000000000000000000000, sa_flags=none
SIGUSR2: [libjvm.dylib+0x490102], sa_mask[0]=00100000000000000000000000000000, sa_flags=SA_RESTART|SA_SIGINFO
SIGHUP: [libjvm.dylib+0x48e35f], sa_mask[0]=11111111111111111111111111111111, sa_flags=SA_RESTART|SA_SIGINFO
SIGINT: [libjvm.dylib+0x48e35f], sa_mask[0]=11111111111111111111111111111111, sa_flags=SA_RESTART|SA_SIGINFO
SIGTERM: [libjvm.dylib+0x48e35f], sa_mask[0]=11111111111111111111111111111111, sa_flags=SA_RESTART|SA_SIGINFO
SIGQUIT: [libjvm.dylib+0x48e35f], sa_mask[0]=11111111111111111111111111111111, sa_flags=SA_RESTART|SA_SIGINFO


---------------  S Y S T E M  ---------------

OS:Bsduname:Darwin 21.3.0 Darwin Kernel Version 21.3.0: Wed Jan  5 21:37:58 PST 2022; root:xnu-8019.80.24~20/RELEASE_ARM64_T8101 x86_64
rlimit: STACK 8176k, CORE 0k, NPROC 2666, NOFILE 10240, AS infinity
load average:2.49 2.61 2.47

CPU:total 8 (initial active 8) (1 cores per cpu, 1 threads per core) family 6 model 44 stepping 0, cmov, cx8, fxsr, mmx, sse, sse2, sse3, ssse3, sse4.1, sse4.2, popcnt, aes, clmul, tsc, tscinvbit, tscinv

Memory: 4k page, physical 16777216k(17688k free)

/proc/meminfo:


vm_info: Java HotSpot(TM) 64-Bit Server VM (25.311-b11) for bsd-amd64 JRE (1.8.0_311-b11), built on Sep 27 2021 13:08:09 by "java_re" with gcc 4.2.1 Compatible Apple LLVM 11.0.0 (clang-1100.0.33.17)

time: Tue Mar 21 20:14:22 2023
timezone: IST
elapsed time: 468.436198 seconds (0d 0h 7m 48s)

